SCUBA, Version Diamond (64-bit) 3.13.0.56.2
Fri Jan 31 20:19:19 2025
  
Copyright (c) 1991-1994 by NeoCAD Inc. All rights reserved.
Copyright (c) 1995 AT&T Corp.   All rights reserved.
Copyright (c) 1995-2001 Lucent Technologies Inc.  All rights reserved.
Copyright (c) 2001 Agere Systems   All rights reserved.
Copyright (c) 2002-2023 Lattice Semiconductor Corporation,  All rights reserved.
  
BEGIN SCUBA Module Synthesis
  
    Issued command   : D:\ProgramFiles\Develop\lscc\diamond\3.13\ispfpga\bin\nt64\scuba.exe -w -n rom_str -lang verilog -synth synplify -bus_exp 7 -bb -arch xo2c00 -dram -type romblk -addr_width 6 -num_words 64 -data_width 8 -outdata UNREGISTERED -memfile d:/projects/programs/risc-v_c/xt_risc_v/preload_str.txt -memformat hex 
    Circuit name     : rom_str
    Module type      : rom
    Module Version   : 2.8
    Address width    : 6
    Data width       : 8
    Ports            : 
    Inputs       : Address[5:0]
    Outputs      : Q[7:0]
    I/O buffer       : not inserted
    Memory file      : d:/projects/programs/risc-v_c/xt_risc_v/preload_str.txt
    EDIF output      : rom_str.edn
    Verilog output   : rom_str.v
    Verilog template : rom_str_tmpl.v
    Verilog testbench: tb_rom_str_tmpl.v
    Verilog purpose  : for synthesis and simulation
    Bus notation     : big endian
    Report output    : rom_str.srp
    Estimated Resource Usage:
            LUT : 16
  
END   SCUBA Module Synthesis

